# JRE version: Java(TM) SE Runtime Environment (8.0_111-b14) (build 1.8.0_111-b14)
# Java VM: Java HotSpot(TM) 64-Bit Server VM (25.111-b14 mixed mode windows-amd64 compressed oops)
Heap:
 PSYoungGen      total 116736K, used 7564K [0x00000000f5580000, 0x0000000100000000, 0x0000000100000000)
  eden space 58880K, 12% used [0x00000000f5580000,0x00000000f5ce3030,0x00000000f8f00000)
  from space 57856K, 0% used [0x00000000f8f00000,0x00000000f8f00000,0x00000000fc780000)
  to   space 57856K, 0% used [0x00000000fc780000,0x00000000fc780000,0x0000000100000000)
 ParOldGen       total 187904K, used 120613K [0x00000000e0000000, 0x00000000eb780000, 0x00000000f5580000)
  object space 187904K, 64% used [0x00000000e0000000,0x00000000e75c9580,0x00000000eb780000)
 Metaspace       used 37069K, capacity 37864K, committed 38016K, reserved 1083392K
  class space    used 4230K, capacity 4430K, committed 4480K, reserved 1048576K
GC Heap History (10 events):
Event: 152.528 GC heap before
{Heap before GC invocations=19 (full 3):
 PSYoungGen      total 132096K, used 131901K [0x00000000f5580000, 0x0000000100000000, 0x0000000100000000)
  eden space 93696K, 100% used [0x00000000f5580000,0x00000000fb100000,0x00000000fb100000)
  from space 38400K, 99% used [0x00000000fb100000,0x00000000fd64f6c0,0x00000000fd680000)
  to   space 42496K, 0% used [0x00000000fd680000,0x00000000fd680000,0x0000000100000000)
 ParOldGen       total 144896K, used 85102K [0x00000000e0000000, 0x00000000e8d80000, 0x00000000f5580000)
  object space 144896K, 58% used [0x00000000e0000000,0x00000000e531bbf0,0x00000000e8d80000)
 Metaspace       used 36249K, capacity 37028K, committed 37248K, reserved 1081344K
  class space    used 4145K, capacity 4354K, committed 4480K, reserved 1048576K
Event: 152.582 GC heap after
Heap after GC invocations=19 (full 3):
 PSYoungGen      total 108544K, used 42493K [0x00000000f5580000, 0x0000000100000000, 0x0000000100000000)
  eden space 66048K, 0% used [0x00000000f5580000,0x00000000f5580000,0x00000000f9600000)
  from space 42496K, 99% used [0x00000000fd680000,0x00000000fffff700,0x0000000100000000)
  to   space 54272K, 0% used [0x00000000f9600000,0x00000000f9600000,0x00000000fcb00000)
 ParOldGen       total 144896K, used 92857K [0x00000000e0000000, 0x00000000e8d80000, 0x00000000f5580000)
  object space 144896K, 64% used [0x00000000e0000000,0x00000000e5aae4d0,0x00000000e8d80000)
 Metaspace       used 36249K, capacity 37028K, committed 37248K, reserved 1081344K
  class space    used 4145K, capacity 4354K, committed 4480K, reserved 1048576K
}
Event: 197.515 GC heap before
{Heap before GC invocations=20 (full 3):
 PSYoungGen      total 108544K, used 108541K [0x00000000f5580000, 0x0000000100000000, 0x0000000100000000)
  eden space 66048K, 100% used [0x00000000f5580000,0x00000000f9600000,0x00000000f9600000)
  from space 42496K, 99% used [0x00000000fd680000,0x00000000fffff700,0x0000000100000000)
  to   space 54272K, 0% used [0x00000000f9600000,0x00000000f9600000,0x00000000fcb00000)
 ParOldGen       total 144896K, used 92857K [0x00000000e0000000, 0x00000000e8d80000, 0x00000000f5580000)
  object space 144896K, 64% used [0x00000000e0000000,0x00000000e5aae4d0,0x00000000e8d80000)
 Metaspace       used 36998K, capacity 37834K, committed 38016K, reserved 1083392K
  class space    used 4220K, capacity 4425K, committed 4480K, reserved 1048576K
Event: 197.558 GC heap after
Heap after GC invocations=20 (full 3):
 PSYoungGen      total 119296K, used 53148K [0x00000000f5580000, 0x0000000100000000, 0x0000000100000000)
  eden space 66048K, 0% used [0x00000000f5580000,0x00000000f5580000,0x00000000f9600000)
  from space 53248K, 99% used [0x00000000f9600000,0x00000000fc9e7380,0x00000000fca00000)
  to   space 55296K, 0% used [0x00000000fca00000,0x00000000fca00000,0x0000000100000000)
 ParOldGen       total 144896K, used 92865K [0x00000000e0000000, 0x00000000e8d80000, 0x00000000f5580000)
  object space 144896K, 64% used [0x00000000e0000000,0x00000000e5ab04d0,0x00000000e8d80000)
 Metaspace       used 36998K, capacity 37834K, committed 38016K, reserved 1083392K
  class space    used 4220K, capacity 4425K, committed 4480K, reserved 1048576K
}
Event: 197.763 GC heap before
{Heap before GC invocations=21 (full 3):
 PSYoungGen      total 119296K, used 119196K [0x00000000f5580000, 0x0000000100000000, 0x0000000100000000)
  eden space 66048K, 100% used [0x00000000f5580000,0x00000000f9600000,0x00000000f9600000)
  from space 53248K, 99% used [0x00000000f9600000,0x00000000fc9e7380,0x00000000fca00000)
  to   space 55296K, 0% used [0x00000000fca00000,0x00000000fca00000,0x0000000100000000)
 ParOldGen       total 144896K, used 92865K [0x00000000e0000000, 0x00000000e8d80000, 0x00000000f5580000)
  object space 144896K, 64% used [0x00000000e0000000,0x00000000e5ab04d0,0x00000000e8d80000)
 Metaspace       used 37000K, capacity 37834K, committed 38016K, reserved 1083392K
  class space    used 4220K, capacity 4425K, committed 4480K, reserved 1048576K
Event: 197.837 GC heap after
Heap after GC invocations=21 (full 3):
 PSYoungGen      total 114176K, used 45926K [0x00000000f5580000, 0x0000000100000000, 0x0000000100000000)
  eden space 58880K, 0% used [0x00000000f5580000,0x00000000f5580000,0x00000000f8f00000)
  from space 55296K, 83% used [0x00000000fca00000,0x00000000ff6d9a20,0x0000000100000000)
  to   space 57856K, 0% used [0x00000000f8f00000,0x00000000f8f00000,0x00000000fc780000)
 ParOldGen       total 144896K, used 114749K [0x00000000e0000000, 0x00000000e8d80000, 0x00000000f5580000)
  object space 144896K, 79% used [0x00000000e0000000,0x00000000e700f540,0x00000000e8d80000)
 Metaspace       used 37000K, capacity 37834K, committed 38016K, reserved 1083392K
  class space    used 4220K, capacity 4425K, committed 4480K, reserved 1048576K
}
Event: 198.057 GC heap before
{Heap before GC invocations=22 (full 3):
 PSYoungGen      total 114176K, used 104806K [0x00000000f5580000, 0x0000000100000000, 0x0000000100000000)
  eden space 58880K, 100% used [0x00000000f5580000,0x00000000f8f00000,0x00000000f8f00000)
  from space 55296K, 83% used [0x00000000fca00000,0x00000000ff6d9a20,0x0000000100000000)
  to   space 57856K, 0% used [0x00000000f8f00000,0x00000000f8f00000,0x00000000fc780000)
 ParOldGen       total 144896K, used 114749K [0x00000000e0000000, 0x00000000e8d80000, 0x00000000f5580000)
  object space 144896K, 79% used [0x00000000e0000000,0x00000000e700f540,0x00000000e8d80000)
 Metaspace       used 37016K, capacity 37858K, committed 38016K, reserved 1083392K
  class space    used 4223K, capacity 4429K, committed 4480K, reserved 1048576K
Event: 198.115 GC heap after
Heap after GC invocations=22 (full 3):
 PSYoungGen      total 116736K, used 39515K [0x00000000f5580000, 0x0000000100000000, 0x0000000100000000)
  eden space 58880K, 0% used [0x00000000f5580000,0x00000000f5580000,0x00000000f8f00000)
  from space 57856K, 68% used [0x00000000f8f00000,0x00000000fb596f58,0x00000000fc780000)
  to   space 57856K, 0% used [0x00000000fc780000,0x00000000fc780000,0x0000000100000000)
 ParOldGen       total 144896K, used 126014K [0x00000000e0000000, 0x00000000e8d80000, 0x00000000f5580000)
  object space 144896K, 86% used [0x00000000e0000000,0x00000000e7b0fbb8,0x00000000e8d80000)
 Metaspace       used 37016K, capacity 37858K, committed 38016K, reserved 1083392K
  class space    used 4223K, capacity 4429K, committed 4480K, reserved 1048576K
}
Event: 198.115 GC heap before
{Heap before GC invocations=23 (full 4):
 PSYoungGen      total 116736K, used 39515K [0x00000000f5580000, 0x0000000100000000, 0x0000000100000000)
  eden space 58880K, 0% used [0x00000000f5580000,0x00000000f5580000,0x00000000f8f00000)
  from space 57856K, 68% used [0x00000000f8f00000,0x00000000fb596f58,0x00000000fc780000)
  to   space 57856K, 0% used [0x00000000fc780000,0x00000000fc780000,0x0000000100000000)
 ParOldGen       total 144896K, used 126014K [0x00000000e0000000, 0x00000000e8d80000, 0x00000000f5580000)
  object space 144896K, 86% used [0x00000000e0000000,0x00000000e7b0fbb8,0x00000000e8d80000)
 Metaspace       used 37016K, capacity 37858K, committed 38016K, reserved 1083392K
  class space    used 4223K, capacity 4429K, committed 4480K, reserved 1048576K
Event: 198.611 GC heap after
Heap after GC invocations=23 (full 4):
 PSYoungGen      total 116736K, used 0K [0x00000000f5580000, 0x0000000100000000, 0x0000000100000000)
  eden space 58880K, 0% used [0x00000000f5580000,0x00000000f5580000,0x00000000f8f00000)
  from space 57856K, 0% used [0x00000000f8f00000,0x00000000f8f00000,0x00000000fc780000)
  to   space 57856K, 0% used [0x00000000fc780000,0x00000000fc780000,0x0000000100000000)
 ParOldGen       total 187904K, used 120613K [0x00000000e0000000, 0x00000000eb780000, 0x00000000f5580000)
  object space 187904K, 64% used [0x00000000e0000000,0x00000000e75c9580,0x00000000eb780000)
 Metaspace       used 37016K, capacity 37858K, committed 38016K, reserved 1083392K
  class space    used 4223K, capacity 4429K, committed 4480K, reserved 1048576K
}

