# JRE version: Java(TM) SE Runtime Environment (8.0_111-b14) (build 1.8.0_111-b14)
# Java VM: Java HotSpot(TM) 64-Bit Server VM (25.111-b14 mixed mode windows-amd64 compressed oops)
Heap:
 PSYoungGen      total 116736K, used 67120K [0x00000000f5580000, 0x0000000100000000, 0x0000000100000000)
  eden space 58880K, 100% used [0x00000000f5580000,0x00000000f8f00000,0x00000000f8f00000)
  from space 57856K, 14% used [0x00000000fc780000,0x00000000fcf8c380,0x0000000100000000)
  to   space 57856K, 0% used [0x00000000f8f00000,0x00000000f8f00000,0x00000000fc780000)
 ParOldGen       total 241152K, used 164049K [0x00000000e0000000, 0x00000000eeb80000, 0x00000000f5580000)
  object space 241152K, 68% used [0x00000000e0000000,0x00000000ea034630,0x00000000eeb80000)
 Metaspace       used 43542K, capacity 44460K, committed 44712K, reserved 1089536K
  class space    used 5016K, capacity 5218K, committed 5288K, reserved 1048576K
GC Heap History (10 events):
Event: 252.545 GC heap before
{Heap before GC invocations=32 (full 4):
 PSYoungGen      total 102400K, used 43493K [0x00000000f5580000, 0x0000000100000000, 0x0000000100000000)
  eden space 58880K, 0% used [0x00000000f5580000,0x00000000f5580000,0x00000000f8f00000)
  from space 43520K, 99% used [0x00000000fd580000,0x00000000ffff9660,0x0000000100000000)
  to   space 57856K, 0% used [0x00000000f8f00000,0x00000000f8f00000,0x00000000fc780000)
 ParOldGen       total 167424K, used 161387K [0x00000000e0000000, 0x00000000ea380000, 0x00000000f5580000)
  object space 167424K, 96% used [0x00000000e0000000,0x00000000e9d9aee0,0x00000000ea380000)
 Metaspace       used 38778K, capacity 39686K, committed 39848K, reserved 1085440K
  class space    used 4528K, capacity 4737K, committed 4776K, reserved 1048576K
Event: 253.264 GC heap after
Heap after GC invocations=32 (full 4):
 PSYoungGen      total 102400K, used 0K [0x00000000f5580000, 0x0000000100000000, 0x0000000100000000)
  eden space 58880K, 0% used [0x00000000f5580000,0x00000000f5580000,0x00000000f8f00000)
  from space 43520K, 0% used [0x00000000fd580000,0x00000000fd580000,0x0000000100000000)
  to   space 57856K, 0% used [0x00000000f8f00000,0x00000000f8f00000,0x00000000fc780000)
 ParOldGen       total 241152K, used 164033K [0x00000000e0000000, 0x00000000eeb80000, 0x00000000f5580000)
  object space 241152K, 68% used [0x00000000e0000000,0x00000000ea030630,0x00000000eeb80000)
 Metaspace       used 38778K, capacity 39686K, committed 39848K, reserved 1085440K
  class space    used 4528K, capacity 4737K, committed 4776K, reserved 1048576K
}
Event: 253.678 GC heap before
{Heap before GC invocations=33 (full 4):
 PSYoungGen      total 102400K, used 50376K [0x00000000f5580000, 0x0000000100000000, 0x0000000100000000)
  eden space 58880K, 85% used [0x00000000f5580000,0x00000000f86b2238,0x00000000f8f00000)
  from space 43520K, 0% used [0x00000000fd580000,0x00000000fd580000,0x0000000100000000)
  to   space 57856K, 0% used [0x00000000f8f00000,0x00000000f8f00000,0x00000000fc780000)
 ParOldGen       total 241152K, used 164033K [0x00000000e0000000, 0x00000000eeb80000, 0x00000000f5580000)
  object space 241152K, 68% used [0x00000000e0000000,0x00000000ea030630,0x00000000eeb80000)
 Metaspace       used 38945K, capacity 39814K, committed 40104K, reserved 1085440K
  class space    used 4546K, capacity 4737K, committed 4776K, reserved 1048576K
Event: 253.687 GC heap after
Heap after GC invocations=33 (full 4):
 PSYoungGen      total 116736K, used 15354K [0x00000000f5580000, 0x0000000100000000, 0x0000000100000000)
  eden space 58880K, 0% used [0x00000000f5580000,0x00000000f5580000,0x00000000f8f00000)
  from space 57856K, 26% used [0x00000000f8f00000,0x00000000f9dfe970,0x00000000fc780000)
  to   space 57856K, 0% used [0x00000000fc780000,0x00000000fc780000,0x0000000100000000)
 ParOldGen       total 241152K, used 164033K [0x00000000e0000000, 0x00000000eeb80000, 0x00000000f5580000)
  object space 241152K, 68% used [0x00000000e0000000,0x00000000ea030630,0x00000000eeb80000)
 Metaspace       used 38945K, capacity 39814K, committed 40104K, reserved 1085440K
  class space    used 4546K, capacity 4737K, committed 4776K, reserved 1048576K
}
Event: 253.778 GC heap before
{Heap before GC invocations=34 (full 4):
 PSYoungGen      total 116736K, used 74234K [0x00000000f5580000, 0x0000000100000000, 0x0000000100000000)
  eden space 58880K, 100% used [0x00000000f5580000,0x00000000f8f00000,0x00000000f8f00000)
  from space 57856K, 26% used [0x00000000f8f00000,0x00000000f9dfe970,0x00000000fc780000)
  to   space 57856K, 0% used [0x00000000fc780000,0x00000000fc780000,0x0000000100000000)
 ParOldGen       total 241152K, used 164033K [0x00000000e0000000, 0x00000000eeb80000, 0x00000000f5580000)
  object space 241152K, 68% used [0x00000000e0000000,0x00000000ea030630,0x00000000eeb80000)
 Metaspace       used 38955K, capacity 39820K, committed 40104K, reserved 1085440K
  class space    used 4547K, capacity 4738K, committed 4776K, reserved 1048576K
Event: 253.789 GC heap after
Heap after GC invocations=34 (full 4):
 PSYoungGen      total 116736K, used 10312K [0x00000000f5580000, 0x0000000100000000, 0x0000000100000000)
  eden space 58880K, 0% used [0x00000000f5580000,0x00000000f5580000,0x00000000f8f00000)
  from space 57856K, 17% used [0x00000000fc780000,0x00000000fd192240,0x0000000100000000)
  to   space 57856K, 0% used [0x00000000f8f00000,0x00000000f8f00000,0x00000000fc780000)
 ParOldGen       total 241152K, used 164041K [0x00000000e0000000, 0x00000000eeb80000, 0x00000000f5580000)
  object space 241152K, 68% used [0x00000000e0000000,0x00000000ea032630,0x00000000eeb80000)
 Metaspace       used 38955K, capacity 39820K, committed 40104K, reserved 1085440K
  class space    used 4547K, capacity 4738K, committed 4776K, reserved 1048576K
}
Event: 254.289 GC heap before
{Heap before GC invocations=35 (full 4):
 PSYoungGen      total 116736K, used 67391K [0x00000000f5580000, 0x0000000100000000, 0x0000000100000000)
  eden space 58880K, 96% used [0x00000000f5580000,0x00000000f8d3dca8,0x00000000f8f00000)
  from space 57856K, 17% used [0x00000000fc780000,0x00000000fd192240,0x0000000100000000)
  to   space 57856K, 0% used [0x00000000f8f00000,0x00000000f8f00000,0x00000000fc780000)
 ParOldGen       total 241152K, used 164041K [0x00000000e0000000, 0x00000000eeb80000, 0x00000000f5580000)
  object space 241152K, 68% used [0x00000000e0000000,0x00000000ea032630,0x00000000eeb80000)
 Metaspace       used 39122K, capacity 40044K, committed 40360K, reserved 1085440K
  class space    used 4560K, capacity 4770K, committed 4776K, reserved 1048576K
Event: 254.301 GC heap after
Heap after GC invocations=35 (full 4):
 PSYoungGen      total 116736K, used 5032K [0x00000000f5580000, 0x0000000100000000, 0x0000000100000000)
  eden space 58880K, 0% used [0x00000000f5580000,0x00000000f5580000,0x00000000f8f00000)
  from space 57856K, 8% used [0x00000000f8f00000,0x00000000f93ea320,0x00000000fc780000)
  to   space 57856K, 0% used [0x00000000fc780000,0x00000000fc780000,0x0000000100000000)
 ParOldGen       total 241152K, used 164041K [0x00000000e0000000, 0x00000000eeb80000, 0x00000000f5580000)
  object space 241152K, 68% used [0x00000000e0000000,0x00000000ea032630,0x00000000eeb80000)
 Metaspace       used 39122K, capacity 40044K, committed 40360K, reserved 1085440K
  class space    used 4560K, capacity 4770K, committed 4776K, reserved 1048576K
}
Event: 281.413 GC heap before
{Heap before GC invocations=36 (full 4):
 PSYoungGen      total 116736K, used 63912K [0x00000000f5580000, 0x0000000100000000, 0x0000000100000000)
  eden space 58880K, 100% used [0x00000000f5580000,0x00000000f8f00000,0x00000000f8f00000)
  from space 57856K, 8% used [0x00000000f8f00000,0x00000000f93ea320,0x00000000fc780000)
  to   space 57856K, 0% used [0x00000000fc780000,0x00000000fc780000,0x0000000100000000)
 ParOldGen       total 241152K, used 164041K [0x00000000e0000000, 0x00000000eeb80000, 0x00000000f5580000)
  object space 241152K, 68% used [0x00000000e0000000,0x00000000ea032630,0x00000000eeb80000)
 Metaspace       used 40619K, capacity 41580K, committed 41896K, reserved 1085440K
  class space    used 4774K, capacity 4962K, committed 5032K, reserved 1048576K
Event: 281.428 GC heap after
Heap after GC invocations=36 (full 4):
 PSYoungGen      total 116736K, used 8240K [0x00000000f5580000, 0x0000000100000000, 0x0000000100000000)
  eden space 58880K, 0% used [0x00000000f5580000,0x00000000f5580000,0x00000000f8f00000)
  from space 57856K, 14% used [0x00000000fc780000,0x00000000fcf8c380,0x0000000100000000)
  to   space 57856K, 0% used [0x00000000f8f00000,0x00000000f8f00000,0x00000000fc780000)
 ParOldGen       total 241152K, used 164049K [0x00000000e0000000, 0x00000000eeb80000, 0x00000000f5580000)
  object space 241152K, 68% used [0x00000000e0000000,0x00000000ea034630,0x00000000eeb80000)
 Metaspace       used 40619K, capacity 41580K, committed 41896K, reserved 1085440K
  class space    used 4774K, capacity 4962K, committed 5032K, reserved 1048576K
}

